[Error - 4:40:53 PM] Request textDocument/hover failed.
Error: Connection got disposed.
	at Object.dispose (/Users/hduran/.vscode/extensions/ms-vscode.go-0.14.1/node_modules/vscode-jsonrpc/lib/main.js:904:25)
	at Object.dispose (/Users/hduran/.vscode/extensions/ms-vscode.go-0.14.1/node_modules/vscode-languageclient/lib/client.js:74:35)
	at /Users/hduran/.vscode/extensions/ms-vscode.go-0.14.1/node_modules/vscode-languageclient/lib/client.js:2208:28
[Error - 4:40:53 PM] Request textDocument/hover failed.
Error: Connection got disposed.
	at Object.dispose (/Users/hduran/.vscode/extensions/ms-vscode.go-0.14.1/node_modules/vscode-jsonrpc/lib/main.js:904:25)
	at Object.dispose (/Users/hduran/.vscode/extensions/ms-vscode.go-0.14.1/node_modules/vscode-languageclient/lib/client.js:74:35)
	at /Users/hduran/.vscode/extensions/ms-vscode.go-0.14.1/node_modules/vscode-languageclient/lib/client.js:2208:28
[Error - 4:40:53 PM] Request textDocument/codeAction failed.
Error: Connection got disposed.
	at Object.dispose (/Users/hduran/.vscode/extensions/ms-vscode.go-0.14.1/node_modules/vscode-jsonrpc/lib/main.js:904:25)
	at Object.dispose (/Users/hduran/.vscode/extensions/ms-vscode.go-0.14.1/node_modules/vscode-languageclient/lib/client.js:74:35)
	at /Users/hduran/.vscode/extensions/ms-vscode.go-0.14.1/node_modules/vscode-languageclient/lib/client.js:2208:28
[Error - 4:40:53 PM] Request textDocument/hover failed.
Error: Connection got disposed.
	at Object.dispose (/Users/hduran/.vscode/extensions/ms-vscode.go-0.14.1/node_modules/vscode-jsonrpc/lib/main.js:904:25)
	at Object.dispose (/Users/hduran/.vscode/extensions/ms-vscode.go-0.14.1/node_modules/vscode-languageclient/lib/client.js:74:35)
	at /Users/hduran/.vscode/extensions/ms-vscode.go-0.14.1/node_modules/vscode-languageclient/lib/client.js:2208:28
[Error - 4:40:53 PM] Request textDocument/hover failed.
Error: Connection got disposed.
	at Object.dispose (/Users/hduran/.vscode/extensions/ms-vscode.go-0.14.1/node_modules/vscode-jsonrpc/lib/main.js:904:25)
	at Object.dispose (/Users/hduran/.vscode/extensions/ms-vscode.go-0.14.1/node_modules/vscode-languageclient/lib/client.js:74:35)
	at /Users/hduran/.vscode/extensions/ms-vscode.go-0.14.1/node_modules/vscode-languageclient/lib/client.js:2208:28
[Info  - 4:40:53 PM] 2020/05/08 16:40:53 Build info
----------
golang.org/x/tools/gopls 0.4.0
    golang.org/x/tools/gopls@v0.4.0 h1:G4+YP9kaV4dJb79J5MobyApxX493Qa6VoiTceUmxqik=
    github.com/BurntSushi/toml@v0.3.1 h1:WXkYYl6Yr3qBf1K79EBnL4mak0OimBfB0XUf9Vl28OQ=
    github.com/sergi/go-diff@v1.1.0 h1:we8PVUC3FE2uYfodKH/nBHMSetSfHDR6scGdBi+erh0=
    golang.org/x/mod@v0.2.0 h1:KU7oHjnv3XNWfa5COkzUifxZmxp1TyI7ImMXqFxLwvQ=
    golang.org/x/sync@v0.0.0-20190911185100-cd5d95a43a6e h1:vcxGaoTs7kV8m5Np9uUNQin4BrLOthgV7252N8V+FwY=
    golang.org/x/tools@v0.0.0-20200407041343-bf15fae40dea h1:DUwLyMDMUauGMd9kSLIlhhYJNELm06HuxeBdkFkeax4=
    golang.org/x/xerrors@v0.0.0-20191204190536-9bdfabe68543 h1:E7g+9GITq07hpfrRu66IVDexMakfv52eLZ2CXBWiKr4=
    honnef.co/go/tools@v0.0.1-2020.1.3 h1:sXmLre5bzIR6ypkjXCDI3jHPssRhc8KD/Ome589sc3U=
    mvdan.cc/xurls/v2@v2.1.0 h1:KaMb5GLhlcSX+e+qhbRJODnUUBvlw01jt4yrjFIHAuA=

Go info
-------
go version go1.13.8 darwin/amd64


[Info  - 4:40:53 PM] 2020/05/08 16:40:53 go env for /Users/hduran/goplshatestags
(valid build configuration = true)
(build flags: [])
GO111MODULE=""
GOARCH="amd64"
GOBIN=""
GOCACHE="/Users/hduran/Library/Caches/go-build"
GOENV="/Users/hduran/Library/Application Support/go/env"
GOEXE=""
GOFLAGS="--mod=vendor"
GOHOSTARCH="amd64"
GOHOSTOS="darwin"
GOOS="darwin"
GOPATH="/Users/hduran/go"
GOPROXY="https://proxy.golang.org,direct"
GOROOT="/usr/local/go"
GOSUMDB="sum.golang.org"
GOTMPDIR=""
GOTOOLDIR="/usr/local/go/pkg/tool/darwin_amd64"
GCCGO="gccgo"
AR="ar"
CC="clang"
CXX="clang++"
CGO_ENABLED="1"
GOMOD="/Users/hduran/goplshatestags/go.mod"
CGO_CFLAGS="-g -O2"
CGO_CPPFLAGS=""
CGO_CXXFLAGS="-g -O2"
CGO_FFLAGS="-g -O2"
CGO_LDFLAGS="-g -O2"
PKG_CONFIG="pkg-config"
GOGCCFLAGS="-fPIC -m64 -pthread -fno-caret-diagnostics -Qunused-arguments -fmessage-length=0 -fdebug-prefix-map=/var/folders/xh/zk17mwt55vd3h_bpcnptk_d40000gn/T/go-build493416261=/tmp/go-build -gno-record-gcc-switches -fno-common"

[Info  - 4:40:53 PM] 2020/05/08 16:40:53 go/packages.Load
	snapshot=0
	directory=/Users/hduran/goplshatestags
	query=[./... builtin]
	packages=3
[Info  - 4:40:53 PM] 2020/05/08 16:40:53 go/packages.Load
	snapshot=3
	directory=/Users/hduran/goplshatestags
	query=[file=/Users/hduran/goplshatestags/targetpack/targetcode_test.go]
	packages=0
[Error - 4:40:53 PM] 2020/05/08 16:40:53 DocumentSymbols failed: getting file for DocumentSymbols: no PackageHandles
	URI=file:///Users/hduran/goplshatestags/targetpack/targetcode_test.go
[Info  - 4:40:53 PM] 2020/05/08 16:40:53 go/packages.Load
	snapshot=3
	directory=/Users/hduran/goplshatestags
	query=[github.com/perrito666/goplshatestags/originpack github.com/perrito666/goplshatestags/targetpack]
	packages=2
[Info  - 4:40:53 PM] 2020/05/08 16:40:53 go/packages.Load
	snapshot=3
	package_path="github.com/perrito666/goplshatestags/originpack"
	files=[/Users/hduran/goplshatestags/originpack/importantcode.go]
[Info  - 4:40:53 PM] 2020/05/08 16:40:53 go/packages.Load
	snapshot=3
	package_path="github.com/perrito666/goplshatestags/targetpack"
	files=[/Users/hduran/goplshatestags/targetpack/targetcode.go]
[Error - 4:40:53 PM] Request textDocument/documentLink failed.
  Message: no PackageHandles
  Code: 0 
[Info  - 4:40:53 PM] 2020/05/08 16:40:53 go/packages.Load
	snapshot=3
	directory=/Users/hduran/goplshatestags
	query=[file=/Users/hduran/goplshatestags/targetpack/targetcode_test.go]
	packages=0
[Info  - 4:40:53 PM] 2020/05/08 16:40:53 go/packages.Load
	snapshot=3
	directory=/Users/hduran/goplshatestags
	query=[file=/Users/hduran/goplshatestags/originpack/test_fixtures.go file=/Users/hduran/goplshatestags/targetpack/targetcode_test.go]
	packages=0
[Info  - 4:40:56 PM] 2020/05/08 16:40:56 go/packages.Load
	snapshot=3
	directory=/Users/hduran/goplshatestags
	query=[file=/Users/hduran/goplshatestags/targetpack/targetcode_test.go]
	packages=0
[Error - 4:40:56 PM] 2020/05/08 16:40:56 no highlight: getting file for Highlight: no PackageHandles
	URI=file:///Users/hduran/goplshatestags/targetpack/targetcode_test.go
[Info  - 4:40:57 PM] 2020/05/08 16:40:57 go/packages.Load
	snapshot=3
	directory=/Users/hduran/goplshatestags
	query=[file=/Users/hduran/goplshatestags/targetpack/targetcode_test.go]
	packages=0
[Info  - 4:40:58 PM] 2020/05/08 16:40:58 go/packages.Load
	snapshot=3
	directory=/Users/hduran/goplshatestags
	query=[file=/Users/hduran/goplshatestags/targetpack/targetcode_test.go]
	packages=0
[Info  - 4:40:58 PM] 2020/05/08 16:40:58 go/packages.Load
	snapshot=3
	directory=/Users/hduran/goplshatestags
	query=[file=/Users/hduran/goplshatestags/targetpack/targetcode_test.go]
	packages=0
[Error - 4:40:58 PM] 2020/05/08 16:40:58 no highlight: getting file for Highlight: no PackageHandles
	URI=file:///Users/hduran/goplshatestags/targetpack/targetcode_test.go
[Info  - 4:40:59 PM] 2020/05/08 16:40:59 go/packages.Load
	snapshot=3
	directory=/Users/hduran/goplshatestags
	query=[file=/Users/hduran/goplshatestags/targetpack/targetcode_test.go]
	packages=0
[Error - 4:41:00 PM] Request textDocument/definition failed.
  Message: getting file for Identifier: no PackageHandles
  Code: 0 
[Info  - 4:41:00 PM] 2020/05/08 16:41:00 go/packages.Load
	snapshot=3
	directory=/Users/hduran/goplshatestags
	query=[file=/Users/hduran/goplshatestags/targetpack/targetcode_test.go]
	packages=0
